Cloning into 'microcdr'...
Note: switching to 'v2.0.1'.

You are in 'detached HEAD' state. You can look around, make experimental
changes and commit them, and you can discard any commits you make in this
state without impacting any branches by switching back to a branch.

If you want to create a new branch to retain commits you create, you may
do so (now or later) by using -c with the switch command. Example:

  git switch -c <new-branch-name>

Or undo this operation with:

  git switch -

Turn off this advice by setting config variable advice.detachedHead to false

HEAD is now at 3d1b177 Release v2.0.1
In file included from /home/andrey/Documents/ap/PX4-Autopilot/src/modules/uxrce_dds_client/Micro-XRCE-DDS-Client/include/uxr/client/profile/transport/ip/udp/udp_transport_posix.h:24,
                 from /home/andrey/Documents/ap/PX4-Autopilot/src/modules/uxrce_dds_client/Micro-XRCE-DDS-Client/include/uxr/client/transport.h:24,
                 from /home/andrey/Documents/ap/PX4-Autopilot/src/modules/uxrce_dds_client/Micro-XRCE-DDS-Client/include/uxr/client/util/ping.h:28,
                 from /home/andrey/Documents/ap/PX4-Autopilot/src/modules/uxrce_dds_client/Micro-XRCE-DDS-Client/src/c/util/ping.c:1:
/home/andrey/Documents/ap/PX4-Autopilot/platforms/nuttx/NuttX/nuttx/include/sys/socket.h: In function '__cmsg_nxthdr':
/home/andrey/Documents/ap/PX4-Autopilot/platforms/nuttx/NuttX/nuttx/include/sys/socket.h:342:11: warning: cast increases required alignment of target type [-Wcast-align]
  342 |   __ptr = (FAR struct cmsghdr *)
      |           ^
In file included from /home/andrey/Documents/ap/PX4-Autopilot/src/modules/uxrce_dds_client/Micro-XRCE-DDS-Client/include/uxr/client/profile/transport/ip/udp/udp_transport_posix.h:24,
                 from /home/andrey/Documents/ap/PX4-Autopilot/src/modules/uxrce_dds_client/Micro-XRCE-DDS-Client/include/uxr/client/transport.h:24,
                 from /home/andrey/Documents/ap/PX4-Autopilot/src/modules/uxrce_dds_client/Micro-XRCE-DDS-Client/include/uxr/client/profile/transport/ip/udp/udp_transport.h:31,
                 from /home/andrey/Documents/ap/PX4-Autopilot/src/modules/uxrce_dds_client/Micro-XRCE-DDS-Client/src/c/profile/transport/ip/udp/udp_transport_internal.h:23,
                 from /home/andrey/Documents/ap/PX4-Autopilot/src/modules/uxrce_dds_client/Micro-XRCE-DDS-Client/src/c/profile/transport/ip/udp/udp_transport.c:2:
/home/andrey/Documents/ap/PX4-Autopilot/platforms/nuttx/NuttX/nuttx/include/sys/socket.h: In function '__cmsg_nxthdr':
/home/andrey/Documents/ap/PX4-Autopilot/platforms/nuttx/NuttX/nuttx/include/sys/socket.h:342:11: warning: cast increases required alignment of target type [-Wcast-align]
  342 |   __ptr = (FAR struct cmsghdr *)
      |           ^
In file included from /home/andrey/Documents/ap/PX4-Autopilot/src/modules/uxrce_dds_client/Micro-XRCE-DDS-Client/include/uxr/client/profile/transport/ip/udp/udp_transport_posix.h:24,
                 from /home/andrey/Documents/ap/PX4-Autopilot/src/modules/uxrce_dds_client/Micro-XRCE-DDS-Client/src/c/profile/transport/ip/udp/udp_transport_posix.c:1:
/home/andrey/Documents/ap/PX4-Autopilot/platforms/nuttx/NuttX/nuttx/include/sys/socket.h: In function '__cmsg_nxthdr':
/home/andrey/Documents/ap/PX4-Autopilot/platforms/nuttx/NuttX/nuttx/include/sys/socket.h:342:11: warning: cast increases required alignment of target type [-Wcast-align]
  342 |   __ptr = (FAR struct cmsghdr *)
      |           ^
/home/andrey/Documents/ap/PX4-Autopilot/src/modules/uxrce_dds_client/Micro-XRCE-DDS-Client/src/c/profile/transport/ip/udp/udp_transport_posix.c: In function 'uxr_init_udp_platform':
/home/andrey/Documents/ap/PX4-Autopilot/src/modules/uxrce_dds_client/Micro-XRCE-DDS-Client/src/c/profile/transport/ip/udp/udp_transport_posix.c:46:18: warning: implicit declaration of function 'getaddrinfo' [-Wimplicit-function-declaration]
   46 |         if (0 == getaddrinfo(ip, port, &hints, &result))
      |                  ^~~~~~~~~~~
/home/andrey/Documents/ap/PX4-Autopilot/src/modules/uxrce_dds_client/Micro-XRCE-DDS-Client/src/c/profile/transport/ip/udp/udp_transport_posix.c:57:13: warning: implicit declaration of function 'freeaddrinfo' [-Wimplicit-function-declaration]
   57 |             freeaddrinfo(result);
      |             ^~~~~~~~~~~~
In file included from /home/andrey/Documents/ap/PX4-Autopilot/src/modules/uxrce_dds_client/Micro-XRCE-DDS-Client/include/uxr/client/profile/transport/ip/udp/udp_transport_posix.h:24,
                 from /home/andrey/Documents/ap/PX4-Autopilot/src/modules/uxrce_dds_client/Micro-XRCE-DDS-Client/include/uxr/client/transport.h:24,
                 from /home/andrey/Documents/ap/PX4-Autopilot/src/modules/uxrce_dds_client/Micro-XRCE-DDS-Client/include/uxr/client/profile/transport/serial/serial_transport.h:31,
                 from /home/andrey/Documents/ap/PX4-Autopilot/src/modules/uxrce_dds_client/Micro-XRCE-DDS-Client/include/uxr/client/profile/transport/serial/serial_transport_platform.h:23,
                 from /home/andrey/Documents/ap/PX4-Autopilot/src/modules/uxrce_dds_client/Micro-XRCE-DDS-Client/src/c/profile/transport/serial/serial_transport.c:1:
/home/andrey/Documents/ap/PX4-Autopilot/platforms/nuttx/NuttX/nuttx/include/sys/socket.h: In function '__cmsg_nxthdr':
/home/andrey/Documents/ap/PX4-Autopilot/platforms/nuttx/NuttX/nuttx/include/sys/socket.h:342:11: warning: cast increases required alignment of target type [-Wcast-align]
  342 |   __ptr = (FAR struct cmsghdr *)
      |           ^
In file included from /home/andrey/Documents/ap/PX4-Autopilot/src/modules/uxrce_dds_client/Micro-XRCE-DDS-Client/include/uxr/client/profile/transport/ip/udp/udp_transport_posix.h:24,
                 from /home/andrey/Documents/ap/PX4-Autopilot/src/modules/uxrce_dds_client/Micro-XRCE-DDS-Client/include/uxr/client/transport.h:24,
                 from /home/andrey/Documents/ap/PX4-Autopilot/src/modules/uxrce_dds_client/Micro-XRCE-DDS-Client/include/uxr/client/profile/transport/serial/serial_transport.h:31,
                 from /home/andrey/Documents/ap/PX4-Autopilot/src/modules/uxrce_dds_client/Micro-XRCE-DDS-Client/include/uxr/client/profile/transport/serial/serial_transport_platform.h:23,
                 from /home/andrey/Documents/ap/PX4-Autopilot/src/modules/uxrce_dds_client/Micro-XRCE-DDS-Client/src/c/profile/transport/serial/serial_transport_posix.c:2:
/home/andrey/Documents/ap/PX4-Autopilot/platforms/nuttx/NuttX/nuttx/include/sys/socket.h: In function '__cmsg_nxthdr':
/home/andrey/Documents/ap/PX4-Autopilot/platforms/nuttx/NuttX/nuttx/include/sys/socket.h:342:11: warning: cast increases required alignment of target type [-Wcast-align]
  342 |   __ptr = (FAR struct cmsghdr *)
      |           ^
In file included from /home/andrey/Documents/ap/PX4-Autopilot/platforms/nuttx/NuttX/nuttx/include/netinet/in.h:31,
                 from /home/andrey/Documents/ap/PX4-Autopilot/platforms/nuttx/NuttX/nuttx/include/arpa/inet.h:32,
                 from /home/andrey/Documents/ap/PX4-Autopilot/src/modules/uxrce_dds_client/Micro-XRCE-DDS-Client/src/c/profile/transport/ip/ip_posix.c:18:
/home/andrey/Documents/ap/PX4-Autopilot/platforms/nuttx/NuttX/nuttx/include/sys/socket.h: In function '__cmsg_nxthdr':
/home/andrey/Documents/ap/PX4-Autopilot/platforms/nuttx/NuttX/nuttx/include/sys/socket.h:342:11: warning: cast increases required alignment of target type [-Wcast-align]
  342 |   __ptr = (FAR struct cmsghdr *)
      |           ^
