Scanning dependencies of target microcdr
[  6%] Creating directories for 'microcdr'
[ 12%] Performing download step (git clone) for 'microcdr'
[ 18%] No patch step for 'microcdr'
[ 25%] Performing update step for 'microcdr'
[ 31%] Performing configure step for 'microcdr'
loading initial cache file /home/andrey/Documents/ap/PX4-Autopilot/build/px4_fmu-v6c_default/src/modules/uxrce_dds_client/src/libmicroxrceddsclient_project-build/microcdr/tmp/microcdr-cache-MinSizeRel.cmake
-- The C compiler identification is GNU 9.2.1
-- Check for working C compiler: /usr/bin/arm-none-eabi-gcc
-- Check for working C compiler: /usr/bin/arm-none-eabi-gcc -- works
-- Detecting C compiler ABI info
-- Detecting C compiler ABI info - done
-- Detecting C compile features
-- Detecting C compile features - done
-- The CXX compiler identification is GNU 9.2.1
-- Check for working CXX compiler: /usr/bin/arm-none-eabi-g++
-- Check for working CXX compiler: /usr/bin/arm-none-eabi-g++ -- works
-- Detecting CXX compiler ABI info
-- Detecting CXX compiler ABI info - done
-- Detecting CXX compile features
-- Detecting CXX compile features - done
-- Configuring done
-- Generating done
-- Build files have been written to: /home/andrey/Documents/ap/PX4-Autopilot/build/px4_fmu-v6c_default/src/modules/uxrce_dds_client/src/libmicroxrceddsclient_project-build/microcdr/src/microcdr-build
[ 37%] Performing build step for 'microcdr'
Scanning dependencies of target ucdr
[ 12%] Creating directories for 'ucdr'
[ 25%] No download step for 'ucdr'
[ 37%] No patch step for 'ucdr'
[ 50%] No update step for 'ucdr'
[ 62%] Performing configure step for 'ucdr'
loading initial cache file /home/andrey/Documents/ap/PX4-Autopilot/build/px4_fmu-v6c_default/src/modules/uxrce_dds_client/src/libmicroxrceddsclient_project-build/microcdr/src/microcdr-build/ucdr-prefix/tmp/ucdr-cache-MinSizeRel.cmake
-- Configuring done
-- Generating done
-- Build files have been written to: /home/andrey/Documents/ap/PX4-Autopilot/build/px4_fmu-v6c_default/src/modules/uxrce_dds_client/src/libmicroxrceddsclient_project-build/microcdr/src/microcdr-build
[ 75%] Performing build step for 'ucdr'
Scanning dependencies of target microcdr
[ 16%] Building C object CMakeFiles/microcdr.dir/src/c/common.c.obj
[ 33%] Building C object CMakeFiles/microcdr.dir/src/c/types/basic.c.obj
[ 50%] Building C object CMakeFiles/microcdr.dir/src/c/types/string.c.obj
[ 66%] Building C object CMakeFiles/microcdr.dir/src/c/types/array.c.obj
[ 83%] Building C object CMakeFiles/microcdr.dir/src/c/types/sequence.c.obj
[100%] Linking C static library libmicrocdr.a
[100%] Built target microcdr
No install step for 'ucdr'
Completed 'ucdr'
Built target ucdr
[ 43%] Performing install step for 'microcdr'
[100%] Built target microcdr
Install the project...
-- Install configuration: "MinSizeRel"
-- Installing: /home/andrey/Documents/ap/PX4-Autopilot/build/px4_fmu-v6c_default/src/modules/uxrce_dds_client/src/libmicroxrceddsclient_project-build/temp_install/microcdr-2.0.1/lib/libmicrocdr.a
-- Installing: /home/andrey/Documents/ap/PX4-Autopilot/build/px4_fmu-v6c_default/src/modules/uxrce_dds_client/src/libmicroxrceddsclient_project-build/temp_install/microcdr-2.0.1/include/ucdr
-- Installing: /home/andrey/Documents/ap/PX4-Autopilot/build/px4_fmu-v6c_default/src/modules/uxrce_dds_client/src/libmicroxrceddsclient_project-build/temp_install/microcdr-2.0.1/include/ucdr/visibility.h
-- Installing: /home/andrey/Documents/ap/PX4-Autopilot/build/px4_fmu-v6c_default/src/modules/uxrce_dds_client/src/libmicroxrceddsclient_project-build/temp_install/microcdr-2.0.1/include/ucdr/microcdr.h
-- Installing: /home/andrey/Documents/ap/PX4-Autopilot/build/px4_fmu-v6c_default/src/modules/uxrce_dds_client/src/libmicroxrceddsclient_project-build/temp_install/microcdr-2.0.1/include/ucdr/config.h
-- Installing: /home/andrey/Documents/ap/PX4-Autopilot/build/px4_fmu-v6c_default/src/modules/uxrce_dds_client/src/libmicroxrceddsclient_project-build/temp_install/microcdr-2.0.1/share/microcdr/cmake/microcdrTargets.cmake
-- Installing: /home/andrey/Documents/ap/PX4-Autopilot/build/px4_fmu-v6c_default/src/modules/uxrce_dds_client/src/libmicroxrceddsclient_project-build/temp_install/microcdr-2.0.1/share/microcdr/cmake/microcdrTargets-minsizerel.cmake
-- Installing: /home/andrey/Documents/ap/PX4-Autopilot/build/px4_fmu-v6c_default/src/modules/uxrce_dds_client/src/libmicroxrceddsclient_project-build/temp_install/microcdr-2.0.1/share/microcdr/cmake/microcdrConfig.cmake
-- Installing: /home/andrey/Documents/ap/PX4-Autopilot/build/px4_fmu-v6c_default/src/modules/uxrce_dds_client/src/libmicroxrceddsclient_project-build/temp_install/microcdr-2.0.1/share/microcdr/cmake/microcdrConfigVersion.cmake
[ 50%] Completed 'microcdr'
[ 50%] Built target microcdr
Scanning dependencies of target uclient
[ 56%] Creating directories for 'uclient'
[ 62%] No download step for 'uclient'
[ 68%] No patch step for 'uclient'
[ 75%] No update step for 'uclient'
[ 81%] Performing configure step for 'uclient'
loading initial cache file /home/andrey/Documents/ap/PX4-Autopilot/build/px4_fmu-v6c_default/src/modules/uxrce_dds_client/src/libmicroxrceddsclient_project-build/uclient-prefix/tmp/uclient-cache-MinSizeRel.cmake
-- Configuring done
-- Generating done
-- Build files have been written to: /home/andrey/Documents/ap/PX4-Autopilot/build/px4_fmu-v6c_default/src/modules/uxrce_dds_client/src/libmicroxrceddsclient_project-build
[ 87%] Performing build step for 'uclient'
Scanning dependencies of target microxrcedds_client
[  3%] Building C object CMakeFiles/microxrcedds_client.dir/src/c/core/session/stream/input_best_effort_stream.c.obj
[  6%] Building C object CMakeFiles/microxrcedds_client.dir/src/c/core/session/stream/input_reliable_stream.c.obj
[ 10%] Building C object CMakeFiles/microxrcedds_client.dir/src/c/core/session/stream/output_best_effort_stream.c.obj
[ 13%] Building C object CMakeFiles/microxrcedds_client.dir/src/c/core/session/stream/output_reliable_stream.c.obj
[ 17%] Building C object CMakeFiles/microxrcedds_client.dir/src/c/core/session/stream/stream_storage.c.obj
[ 20%] Building C object CMakeFiles/microxrcedds_client.dir/src/c/core/session/stream/stream_id.c.obj
[ 24%] Building C object CMakeFiles/microxrcedds_client.dir/src/c/core/session/stream/seq_num.c.obj
[ 27%] Building C object CMakeFiles/microxrcedds_client.dir/src/c/core/session/session.c.obj
[ 31%] Building C object CMakeFiles/microxrcedds_client.dir/src/c/core/session/session_info.c.obj
[ 34%] Building C object CMakeFiles/microxrcedds_client.dir/src/c/core/session/submessage.c.obj
[ 37%] Building C object CMakeFiles/microxrcedds_client.dir/src/c/core/session/object_id.c.obj
[ 41%] Building C object CMakeFiles/microxrcedds_client.dir/src/c/core/serialization/xrce_types.c.obj
[ 44%] Building C object CMakeFiles/microxrcedds_client.dir/src/c/core/serialization/xrce_header.c.obj
[ 48%] Building C object CMakeFiles/microxrcedds_client.dir/src/c/core/serialization/xrce_subheader.c.obj
[ 51%] Building C object CMakeFiles/microxrcedds_client.dir/src/c/util/time.c.obj
[ 55%] Building C object CMakeFiles/microxrcedds_client.dir/src/c/util/ping.c.obj
[ 58%] Building C object CMakeFiles/microxrcedds_client.dir/src/c/core/session/common_create_entities.c.obj
[ 62%] Building C object CMakeFiles/microxrcedds_client.dir/src/c/core/session/create_entities_ref.c.obj
[ 65%] Building C object CMakeFiles/microxrcedds_client.dir/src/c/core/session/create_entities_xml.c.obj
[ 68%] Building C object CMakeFiles/microxrcedds_client.dir/src/c/core/session/create_entities_bin.c.obj
[ 72%] Building C object CMakeFiles/microxrcedds_client.dir/src/c/core/session/read_access.c.obj
[ 75%] Building C object CMakeFiles/microxrcedds_client.dir/src/c/core/session/write_access.c.obj
[ 79%] Building C object CMakeFiles/microxrcedds_client.dir/src/c/profile/transport/stream_framing/stream_framing_protocol.c.obj
[ 82%] Building C object CMakeFiles/microxrcedds_client.dir/src/c/profile/transport/ip/udp/udp_transport.c.obj
[ 86%] Building C object CMakeFiles/microxrcedds_client.dir/src/c/profile/transport/ip/udp/udp_transport_posix.c.obj
[ 89%] Building C object CMakeFiles/microxrcedds_client.dir/src/c/profile/transport/serial/serial_transport.c.obj
[ 93%] Building C object CMakeFiles/microxrcedds_client.dir/src/c/profile/transport/serial/serial_transport_posix.c.obj
[ 96%] Building C object CMakeFiles/microxrcedds_client.dir/src/c/profile/transport/ip/ip_posix.c.obj
[100%] Linking C static library libmicroxrcedds_client.a
[100%] Built target microxrcedds_client
No install step for 'uclient'
Completed 'uclient'
Built target uclient
